[2026-03-17 10:03:25] CAMPAIGN START - 5 workers, 220 leads
[2026-03-17 10:03:25] Speed mode: normal (60-90s)
[2026-03-17 10:03:25] Leads per worker: 44
[2026-03-17 10:03:38] WORKER 1: Starting - hassnainbaloch233@gmail.com (44 leads)
[2026-03-17 10:03:38] SENDER 1: ⏭️ Skipped jademdaesthetics@gmail.com (already sent)
[2026-03-17 10:03:38] WORKER 1: Waiting 88.9s
[2026-03-17 10:03:38] WORKER 2: Starting - digivine.hq@gmail.com (44 leads)
[2026-03-17 10:03:38] SENDER 2: ⏭️ Skipped info@rejuvenationny.com (already sent)
[2026-03-17 10:03:38] WORKER 2: Waiting 62.6s
[2026-03-17 10:03:38] WORKER 3: Starting - hassnain.rkx.advertising@gmail.com (44 leads)
[2026-03-17 10:03:38] SENDER 3: ⏭️ Skipped elitemedspa3319@gmail.com (already sent)
[2026-03-17 10:03:38] WORKER 3: Waiting 63.8s
[2026-03-17 10:03:38] WORKER 4: Starting - hassnainkhan562@gmail.com (44 leads)
[2026-03-17 10:03:38] SENDER 4: ⏭️ Skipped info@7qspa.com (already sent)
[2026-03-17 10:03:38] WORKER 4: Waiting 78.7s
[2026-03-17 10:03:38] WORKER 5: Starting - hassnainbaloch651@gmail.com (44 leads)
[2026-03-17 10:03:38] SENDER 5: ⏭️ Skipped yourskinspecialist@greenwichmedicalspa.com (already sent)
[2026-03-17 10:03:38] WORKER 5: Waiting 90.0s
[2026-03-17 10:04:41] SENDER 2: ⏭️ Skipped admin@glospany.com (already sent)
[2026-03-17 10:04:41] WORKER 2: Waiting 70.1s
[2026-03-17 10:04:42] SENDER 3: ⏭️ Skipped info@themedspatx.com (already sent)
[2026-03-17 10:04:42] WORKER 3: Waiting 73.1s
[2026-03-17 10:04:57] SENDER 4: ⏭️ Skipped flawlessreflectionsbyvr@gmail.com (already sent)
[2026-03-17 10:04:57] WORKER 4: Waiting 80.1s
[2026-03-17 10:05:07] SENDER 1: ⏭️ Skipped info@bluespa.com (already sent)
[2026-03-17 10:05:07] WORKER 1: Waiting 61.7s
[2026-03-17 10:05:08] SENDER 5: ⏭️ Skipped yourskinspecialist@greenwichmedicalspa.com (already sent)
[2026-03-17 10:05:08] WORKER 5: Waiting 71.3s
[2026-03-17 10:05:51] SENDER 2: ⏭️ Skipped info@aesthetics21.com (already sent)
[2026-03-17 10:05:51] WORKER 2: Waiting 82.4s
[2026-03-17 10:05:55] SENDER 3: ⏭️ Skipped clientcare@secretmedspa.com (already sent)
[2026-03-17 10:05:55] WORKER 3: Waiting 77.4s
[2026-03-17 10:06:09] SENDER 1: ⏭️ Skipped rjmedspa07@gmail.com (already sent)
[2026-03-17 10:06:09] WORKER 1: Waiting 77.4s
[2026-03-17 10:06:17] SENDER 4: ⏭️ Skipped mesavitality@gmail.com (already sent)
[2026-03-17 10:06:17] WORKER 4: Waiting 80.7s
[2026-03-17 10:06:20] SENDER 5: ⏭️ Skipped miasmedicalspa@gmail.com (already sent)
[2026-03-17 10:06:20] WORKER 5: Waiting 62.9s
[2026-03-17 10:07:13] SENDER 2: ⏭️ Skipped info@justmelt.com (already sent)
[2026-03-17 10:07:13] WORKER 2: Waiting 78.1s
[2026-03-17 10:07:16] WORKER 3: ✓ Sent to info@otmedspa.com
[2026-03-17 10:07:16] WORKER 3: Waiting 68.5s
[2026-03-17 10:07:26] WORKER 5: ✓ Sent to appts@newtownmedispa.com
[2026-03-17 10:07:26] WORKER 5: Waiting 85.5s
[2026-03-17 10:07:30] WORKER 1: ✓ Sent to info@southcoastmedspa.com
[2026-03-17 10:07:30] WORKER 1: Waiting 65.8s
[2026-03-17 10:07:41] WORKER 4: ✓ Sent to frosty0316@gmail.com
[2026-03-17 10:07:41] WORKER 4: Waiting 63.9s
[2026-03-17 10:08:30] WORKER 3: ✓ Sent to hello@sanjivamedspa.com
[2026-03-17 10:08:30] WORKER 3: Waiting 85.1s
[2026-03-17 10:08:37] WORKER 2: ✓ Sent to appts@petalslaserlounge.com
[2026-03-17 10:08:37] WORKER 2: Waiting 62.7s
[2026-03-17 10:08:39] WORKER 1: ✓ Sent to frontdesk@skinmedicalspa.com
[2026-03-17 10:08:39] WORKER 1: Waiting 86.0s
[2026-03-17 10:08:49] WORKER 4: ✓ Sent to info@thebeautylabaz.com
[2026-03-17 10:08:49] WORKER 4: Waiting 70.0s
[2026-03-17 10:08:56] WORKER 5: ✓ Sent to customerservice@dvmedspa.com
[2026-03-17 10:08:56] WORKER 5: Waiting 79.0s
[2026-03-17 10:09:45] WORKER 2: ✓ Sent to info@skinlyaesthetics.com
[2026-03-17 10:09:45] WORKER 2: Waiting 72.9s
[2026-03-17 10:09:59] WORKER 3: ✓ Sent to info@samedspa.com
[2026-03-17 10:09:59] WORKER 3: Waiting 86.4s
[2026-03-17 10:10:02] WORKER 4: ✓ Sent to info@echobeautymedspa.com
[2026-03-17 10:10:02] WORKER 4: Waiting 71.2s
[2026-03-17 10:10:12] WORKER 1: ✓ Sent to info@damedspa.com
[2026-03-17 10:10:12] WORKER 1: Waiting 66.0s
[2026-03-17 10:10:19] WORKER 5: ✓ Sent to avon@blushmedspact.com
[2026-03-17 10:10:19] WORKER 5: Waiting 87.4s
[2026-03-17 10:11:03] WORKER 2: ✓ Sent to info@perfectmedspa.com
[2026-03-17 10:11:03] WORKER 2: Waiting 83.6s
[2026-03-17 10:11:17] WORKER 4: ✓ Sent to classycontouraz@gmail.com
[2026-03-17 10:11:17] WORKER 4: Waiting 79.2s
[2026-03-17 10:11:22] WORKER 1: ✓ Sent to info@pureluxemedical.com
[2026-03-17 10:11:22] WORKER 1: Waiting 82.1s
[2026-03-17 10:11:29] WORKER 3: ✓ Sent to info@thepalmmedspa.com
[2026-03-17 10:11:29] WORKER 3: Waiting 67.4s
[2026-03-17 10:11:50] WORKER 5: ✓ Sent to contact@aesthebymd.com
[2026-03-17 10:11:50] WORKER 5: Waiting 63.6s
[2026-03-17 10:12:31] WORKER 2: ✓ Sent to berejuved@gmail.com
[2026-03-17 10:12:31] WORKER 2: Waiting 63.1s
[2026-03-17 10:12:40] WORKER 4: ✓ Sent to puremedspallc@gmail.com
[2026-03-17 10:12:40] WORKER 4: Waiting 70.4s
[2026-03-17 10:12:41] WORKER 3: ✓ Sent to frontdesk@luxemedspaaesthetics.com
[2026-03-17 10:12:41] WORKER 3: Waiting 65.8s
[2026-03-17 10:12:48] WORKER 1: ✓ Sent to info@beverlyhillsmedspa.com
[2026-03-17 10:12:48] WORKER 1: Waiting 75.1s
[2026-03-17 10:12:57] WORKER 5: ✓ Sent to feelgood@ctfacialmedspa.com
[2026-03-17 10:12:57] WORKER 5: Waiting 68.3s
[2026-03-17 10:13:40] WORKER 2: ✓ Sent to contact@skinovamedspa.com
[2026-03-17 10:13:40] WORKER 2: Waiting 75.8s
[2026-03-17 10:13:50] WORKER 3: ✓ Sent to stpetemedspa@gmail.com
[2026-03-17 10:13:50] WORKER 3: Waiting 84.0s
[2026-03-17 10:13:54] WORKER 4: ✓ Sent to info@elementalaesthetics.com
[2026-03-17 10:13:54] WORKER 4: Waiting 70.5s
[2026-03-17 10:14:06] SENDER 5: ⏭️ Skipped customerservice@dvmedspa.com (already sent)
[2026-03-17 10:14:06] WORKER 5: Waiting 61.6s
[2026-03-17 10:14:09] WORKER 1: ✓ Sent to info@dreambodymedspa.com
[2026-03-17 10:14:09] WORKER 1: Waiting 79.7s
[2026-03-17 10:15:01] WORKER 2: ✓ Sent to zzspabookings@gmail.com
[2026-03-17 10:15:01] WORKER 2: Waiting 84.2s
[2026-03-17 10:15:08] WORKER 4: ✓ Sent to info@nulevelwellnessmedspa.com
[2026-03-17 10:15:08] WORKER 4: Waiting 74.2s
[2026-03-17 10:15:10] WORKER 5: ✓ Sent to info@theskincarestudioct.com
[2026-03-17 10:15:10] WORKER 5: Waiting 63.9s
[2026-03-17 10:15:18] WORKER 3: ✓ Sent to info@180medspa.com
[2026-03-17 10:15:18] WORKER 3: Waiting 82.8s
[2026-03-17 10:15:33] WORKER 1: ✓ Sent to hello@sanctuairemd.com
[2026-03-17 10:15:33] WORKER 1: Waiting 87.5s
[2026-03-17 10:16:18] WORKER 5: ✓ Sent to bepurelyou8@gmail.com
[2026-03-17 10:16:18] WORKER 5: Waiting 78.0s
[2026-03-17 10:16:26] WORKER 4: ✓ Sent to inbloomaesthetics24@gmail.com
[2026-03-17 10:16:26] WORKER 4: Waiting 65.7s
[2026-03-17 10:16:30] WORKER 2: ✓ Sent to customerservice@skinneymedspa.com
[2026-03-17 10:16:30] WORKER 2: Waiting 63.8s
[2026-03-17 10:16:41] SENDER 3: ⏭️ Skipped info@thepalmmedspa.com (already sent)
[2026-03-17 10:16:41] WORKER 3: Waiting 87.0s
[2026-03-17 10:17:06] WORKER 1: ✓ Sent to info@cicproviders.com
[2026-03-17 10:17:06] WORKER 1: Waiting 65.0s
[2026-03-17 10:17:36] WORKER 4: ✓ Sent to info@az-wellness.com
[2026-03-17 10:17:36] WORKER 4: Waiting 88.2s
[2026-03-17 10:17:38] WORKER 2: ✓ Sent to info@manhattan-medspa.com
[2026-03-17 10:17:38] WORKER 2: Waiting 86.4s
[2026-03-17 10:17:39] WORKER 5: ✓ Sent to hello@labellact.com
[2026-03-17 10:17:39] WORKER 5: Waiting 88.5s
[2026-03-17 10:18:08] SENDER 3: ⏭️ Skipped frontdesk@luxemedspaaesthetics.com (already sent)
[2026-03-17 10:18:08] WORKER 3: Waiting 66.7s
[2026-03-17 10:18:15] WORKER 1: ✓ Sent to epiphanymedspa206@gmail.com
[2026-03-17 10:18:15] WORKER 1: Waiting 72.4s
[2026-03-17 10:19:08] SENDER 5: ⏭️ Skipped avon@blushmedspact.com (already sent)
[2026-03-17 10:19:08] WORKER 5: Waiting 65.6s
[2026-03-17 10:19:08] WORKER 4: ✓ Sent to luvleighskin@gmail.com
[2026-03-17 10:19:08] WORKER 4: Waiting 68.3s
[2026-03-17 10:19:10] WORKER 2: ✓ Sent to info@casaglow.com
[2026-03-17 10:19:10] WORKER 2: Waiting 84.0s
[2026-03-17 10:19:15] SENDER 3: ⏭️ Skipped stpetemedspa@gmail.com (already sent)
[2026-03-17 10:19:15] WORKER 3: Waiting 83.6s
[2026-03-17 10:19:32] WORKER 1: ✓ Sent to info@refynedaesthetics.com
[2026-03-17 10:19:32] WORKER 1: Waiting 87.1s
[2026-03-17 10:20:17] WORKER 5: ✓ Sent to info@amidastouchmedspa.com
[2026-03-17 10:20:17] WORKER 5: Waiting 87.7s
[2026-03-17 10:20:20] WORKER 4: ✓ Sent to phxmedspa@gmail.com
[2026-03-17 10:20:20] WORKER 4: Waiting 64.7s
[2026-03-17 10:20:38] WORKER 2: ✓ Sent to press@everbody.com
[2026-03-17 10:20:38] WORKER 2: Waiting 62.2s
[2026-03-17 10:20:42] WORKER 3: ✓ Sent to caroline@thefortlauderdalemedspa.com
[2026-03-17 10:20:42] WORKER 3: Waiting 75.4s
[2026-03-17 10:21:03] WORKER 1: ✓ Sent to encoremedspa@gmail.com
[2026-03-17 10:21:03] WORKER 1: Waiting 89.5s
[2026-03-17 10:21:29] WORKER 4: ✓ Sent to bloomazmedspa@outlook.com
[2026-03-17 10:21:29] WORKER 4: Waiting 88.5s
[2026-03-17 10:21:45] WORKER 2: ✓ Sent to info@revivalmedicalspa.com
[2026-03-17 10:21:45] WORKER 2: Waiting 73.5s
[2026-03-17 10:21:48] WORKER 5: ✓ Sent to thebellamedicalspa@gmail.com
[2026-03-17 10:21:48] WORKER 5: Waiting 71.3s
[2026-03-17 10:21:57] SENDER 3: ⏭️ Skipped info@180medspa.com (already sent)
[2026-03-17 10:21:57] WORKER 3: Waiting 62.9s
[2026-03-17 10:22:37] WORKER 1: ✓ Sent to info@restorativemedicalspa.com
[2026-03-17 10:22:37] WORKER 1: Waiting 82.1s
[2026-03-17 10:22:59] SENDER 2: ⏭️ Skipped customerservice@skinneymedspa.com (already sent)
[2026-03-17 10:22:59] WORKER 2: Waiting 85.9s
[2026-03-17 10:23:01] WORKER 4: ✓ Sent to info@whiteleafmed.com
[2026-03-17 10:23:01] WORKER 4: Waiting 81.2s
[2026-03-17 10:23:04] WORKER 5: ✓ Sent to maria@thebeautyspotmedspa.com
[2026-03-17 10:23:04] WORKER 5: Waiting 74.1s
[2026-03-17 10:23:04] WORKER 3: ✓ Sent to officemanager@monacomedspa.com
[2026-03-17 10:23:04] WORKER 3: Waiting 85.8s
[2026-03-17 10:24:03] WORKER 1: ✓ Sent to info@savageserenityspa.com
[2026-03-17 10:24:03] WORKER 1: Waiting 83.7s
[2026-03-17 10:24:21] WORKER 5: ✓ Sent to info@samaramedspa.com
[2026-03-17 10:24:21] WORKER 5: Waiting 61.6s
[2026-03-17 10:24:26] WORKER 4: ✓ Sent to agelessbynatasharn@gmail.com
[2026-03-17 10:24:26] WORKER 4: Waiting 72.6s
[2026-03-17 10:24:28] WORKER 2: ✓ Sent to info@skinspanewyork.com
[2026-03-17 10:24:28] WORKER 2: Waiting 75.4s
[2026-03-17 10:24:34] WORKER 3: ✓ Sent to info@luxmedspabrickell.com
[2026-03-17 10:24:34] WORKER 3: Waiting 80.5s
[2026-03-17 10:25:27] WORKER 5: ✓ Sent to careteam@firststatemedspa.com
[2026-03-17 10:25:27] WORKER 5: Waiting 61.4s
[2026-03-17 10:25:31] WORKER 1: ✓ Sent to hello@aesthetxhaus.com
[2026-03-17 10:25:31] WORKER 1: Waiting 81.3s
[2026-03-17 10:25:42] WORKER 4: ✓ Sent to info@karlacabreranp.com
[2026-03-17 10:25:42] WORKER 4: Waiting 60.2s
[2026-03-17 10:25:48] WORKER 2: ✓ Sent to info@kurskinlab.com
[2026-03-17 10:25:48] WORKER 2: Waiting 84.4s
[2026-03-17 10:25:59] WORKER 3: ✓ Sent to info@tremedspa.com
[2026-03-17 10:25:59] WORKER 3: Waiting 76.0s
[2026-03-17 10:26:33] WORKER 5: ✓ Sent to info@livelavishde.com
[2026-03-17 10:26:33] WORKER 5: Waiting 61.1s
[2026-03-17 10:26:46] WORKER 4: ✓ Sent to hello@theglowlabaz.com
[2026-03-17 10:26:46] WORKER 4: Waiting 63.3s
[2026-03-17 10:26:58] WORKER 1: ✓ Sent to centralcoastmedicalaesthetics@gmail.com
[2026-03-17 10:26:58] WORKER 1: Waiting 74.5s
[2026-03-17 10:27:17] WORKER 2: ✓ Sent to info@inglomedspa.com
[2026-03-17 10:27:17] WORKER 2: Waiting 85.6s
[2026-03-17 10:27:19] WORKER 3: ✓ Sent to connect@couturemedspa.com
[2026-03-17 10:27:19] WORKER 3: Waiting 78.7s
[2026-03-17 10:27:38] WORKER 5: ✓ Sent to aurummedispa@gmail.com
[2026-03-17 10:27:38] WORKER 5: Waiting 79.7s
[2026-03-17 10:27:53] WORKER 4: ✓ Sent to hello@yourendlesswellness.com
[2026-03-17 10:27:53] WORKER 4: Waiting 63.1s
[2026-03-17 10:28:17] WORKER 1: ✓ Sent to tammie@thespaatfgv.com
[2026-03-17 10:28:17] WORKER 1: Waiting 69.7s
[2026-03-17 10:28:38] SENDER 3: ⏭️ Skipped connect@couturemedspa.com (already sent)
[2026-03-17 10:28:38] WORKER 3: Waiting 65.0s
[2026-03-17 10:28:47] WORKER 2: ✓ Sent to info@eurekabodycareandspa.com
[2026-03-17 10:28:47] WORKER 2: Waiting 89.1s
[2026-03-17 10:29:00] WORKER 4: ✓ Sent to info@hydrationsisters.com
[2026-03-17 10:29:00] WORKER 4: Waiting 81.6s
[2026-03-17 10:29:01] WORKER 5: ✓ Sent to bbkrfrontdesk@gmail.com
[2026-03-17 10:29:01] WORKER 5: Waiting 64.5s
[2026-03-17 10:29:26] SENDER 1: ⏭️ Skipped info@perfectmedspa.com (already sent)
[2026-03-17 10:29:26] WORKER 1: Waiting 76.0s
[2026-03-17 10:29:48] WORKER 3: ✓ Sent to contact@emeraldluxemedicalspa.com
[2026-03-17 10:29:48] WORKER 3: Waiting 79.2s
[2026-03-17 10:30:09] WORKER 5: ✓ Sent to info@miabella-aesthetics.com
[2026-03-17 10:30:09] WORKER 5: Waiting 70.8s
[2026-03-17 10:30:16] SENDER 2: ⏭️ Skipped info@skinspanewyork.com (already sent)
[2026-03-17 10:30:16] WORKER 2: Waiting 62.9s
[2026-03-17 10:30:25] WORKER 4: ✓ Sent to info@londonskintopiamedspa.com
[2026-03-17 10:30:25] WORKER 4: Waiting 62.4s
[2026-03-17 10:30:42] SENDER 1: ⏭️ Skipped berejuved@gmail.com (already sent)
[2026-03-17 10:30:42] WORKER 1: Waiting 64.6s
[2026-03-17 10:31:12] WORKER 3: ✓ Sent to hello@truglomedspa.com
[2026-03-17 10:31:12] WORKER 3: Waiting 84.2s
[2026-03-17 10:31:24] WORKER 2: ✓ Sent to mbeautystudiospa@gmail.com
[2026-03-17 10:31:24] WORKER 2: Waiting 78.0s
[2026-03-17 10:31:24] WORKER 5: ✓ Sent to office@rejuvenationskinwellness.com
[2026-03-17 10:31:24] WORKER 5: Waiting 85.2s
[2026-03-17 10:31:28] SENDER 4: ⏭️ Skipped yourskinspecialist@greenwichmedicalspa.com (already sent)
[2026-03-17 10:31:28] WORKER 4: Waiting 77.7s
[2026-03-17 10:31:47] SENDER 1: ⏭️ Skipped contact@skinovamedspa.com (already sent)
[2026-03-17 10:31:47] WORKER 1: Waiting 61.1s
[2026-03-17 10:32:41] WORKER 3: ✓ Sent to drphillipsmedicalspa@gmail.com
[2026-03-17 10:32:41] WORKER 3: Waiting 71.3s
[2026-03-17 10:32:46] SENDER 4: ⏭️ Skipped yourskinspecialist@greenwichmedicalspa.com (already sent)
[2026-03-17 10:32:46] WORKER 4: Waiting 61.8s
[2026-03-17 10:32:46] WORKER 2: ✓ Sent to info@upkeepmedspa.com
[2026-03-17 10:32:46] WORKER 2: Waiting 89.4s
[2026-03-17 10:32:48] SENDER 1: ⏭️ Skipped zzspabookings@gmail.com (already sent)
[2026-03-17 10:32:48] WORKER 1: Waiting 87.0s
[2026-03-17 10:32:54] WORKER 5: ✓ Sent to info@theglowlabde.com
[2026-03-17 10:32:54] WORKER 5: Waiting 87.8s
[2026-03-17 10:33:47] SENDER 4: ⏭️ Skipped yourskinspecialist@greenwichmedicalspa.com (already sent)
[2026-03-17 10:33:47] WORKER 4: Waiting 77.6s
[2026-03-17 10:33:56] WORKER 3: ✓ Sent to oviedomedspa@gmail.com
[2026-03-17 10:33:56] WORKER 3: Waiting 86.2s
[2026-03-17 10:34:15] SENDER 1: ⏭️ Skipped customerservice@skinneymedspa.com (already sent)
[2026-03-17 10:34:15] WORKER 1: Waiting 81.3s
[2026-03-17 10:34:20] WORKER 2: ✓ Sent to info@belangemedspa.com
[2026-03-17 10:34:20] WORKER 2: Waiting 88.5s
[2026-03-17 10:34:25] WORKER 5: ✓ Sent to charmedmedispa@gmail.com
[2026-03-17 10:34:25] WORKER 5: Waiting 64.5s
[2026-03-17 10:35:05] SENDER 4: ⏭️ Skipped appts@newtownmedispa.com (already sent)
[2026-03-17 10:35:05] WORKER 4: Waiting 68.9s
[2026-03-17 10:35:28] WORKER 3: ✓ Sent to info@goldenglowmedicalspa.com
[2026-03-17 10:35:28] WORKER 3: Waiting 89.2s
[2026-03-17 10:35:33] WORKER 5: ✓ Sent to info@renovemedspa.org
[2026-03-17 10:35:33] WORKER 5: Waiting 75.0s
[2026-03-17 10:35:36] SENDER 1: ⏭️ Skipped info@manhattan-medspa.com (already sent)
[2026-03-17 10:35:36] WORKER 1: Waiting 68.0s
[2026-03-17 10:35:49] SENDER 2: ⏭️ Skipped zzspabookings@gmail.com (already sent)
[2026-03-17 10:35:49] WORKER 2: Waiting 84.5s
[2026-03-17 10:36:14] SENDER 4: ⏭️ Skipped info@samaramedspa.com (already sent)
[2026-03-17 10:36:14] WORKER 4: Waiting 75.6s
[2026-03-17 10:36:44] SENDER 1: ⏭️ Skipped info@casaglow.com (already sent)
[2026-03-17 10:36:44] WORKER 1: Waiting 83.6s
[2026-03-17 10:36:52] WORKER 5: ✓ Sent to info@bellamedispa.com
[2026-03-17 10:36:52] WORKER 5: Waiting 87.6s
[2026-03-17 10:36:57] SENDER 3: ⏭️ Skipped customerservice@skinneymedspa.com (already sent)
[2026-03-17 10:36:57] WORKER 3: Waiting 84.2s
[2026-03-17 10:37:17] WORKER 2: ✓ Sent to info@minimaleskin.com
[2026-03-17 10:37:17] WORKER 2: Waiting 82.9s
[2026-03-17 10:37:35] WORKER 4: ✓ Sent to laurie@modern-skinglo.com
[2026-03-17 10:37:35] WORKER 4: Waiting 74.1s
[2026-03-17 10:38:08] SENDER 1: ⏭️ Skipped press@everbody.com (already sent)
[2026-03-17 10:38:08] WORKER 1: Waiting 78.4s
[2026-03-17 10:38:20] SENDER 5: ⏭️ Skipped info@livelavishde.com (already sent)
[2026-03-17 10:38:20] WORKER 5: Waiting 76.4s
[2026-03-17 10:38:25] WORKER 3: ✓ Sent to cudaqbc@gmail.com
[2026-03-17 10:38:25] WORKER 3: Waiting 64.1s
[2026-03-17 10:38:40] SENDER 2: ⏭️ Skipped info@skinspanewyork.com (already sent)
[2026-03-17 10:38:40] WORKER 2: Waiting 61.8s
[2026-03-17 10:38:49] SENDER 4: ⏭️ Skipped customerservice@dvmedspa.com (already sent)
[2026-03-17 10:38:49] WORKER 4: Waiting 73.4s
[2026-03-17 10:39:26] SENDER 1: ⏭️ Skipped info@revivalmedicalspa.com (already sent)
[2026-03-17 10:39:26] WORKER 1: Waiting 75.0s
[2026-03-17 10:39:33] WORKER 3: ✓ Sent to info@sweetspotmedispa.com
[2026-03-17 10:39:33] WORKER 3: Waiting 79.2s
[2026-03-17 10:39:36] SENDER 5: ⏭️ Skipped careteam@firststatemedspa.com (already sent)
[2026-03-17 10:39:36] WORKER 5: Waiting 80.9s
[2026-03-17 10:39:42] SENDER 2: ⏭️ Skipped info@skinspanewyork.com (already sent)
[2026-03-17 10:39:42] WORKER 2: Waiting 68.3s
[2026-03-17 10:40:02] SENDER 4: ⏭️ Skipped customerservice@dvmedspa.com (already sent)
[2026-03-17 10:40:02] WORKER 4: Waiting 60.3s
[2026-03-17 10:40:41] SENDER 1: ⏭️ Skipped customerservice@skinneymedspa.com (already sent)
[2026-03-17 10:40:41] WORKER 1: Waiting 69.8s
[2026-03-17 10:40:50] SENDER 2: ⏭️ Skipped customerservice@skinneymedspa.com (already sent)
[2026-03-17 10:40:50] WORKER 2: Waiting 71.4s
[2026-03-17 10:40:53] SENDER 3: ⏭️ Skipped rjmedspa07@gmail.com (already sent)
[2026-03-17 10:40:53] WORKER 3: Waiting 71.9s
[2026-03-17 10:40:57] SENDER 5: ⏭️ Skipped aurummedispa@gmail.com (already sent)
[2026-03-17 10:40:57] WORKER 5: Waiting 86.6s
[2026-03-17 10:41:02] SENDER 4: ⏭️ Skipped yourskinspecialist@greenwichmedicalspa.com (already sent)
[2026-03-17 10:41:02] WORKER 4: Waiting 65.3s
[2026-03-17 10:41:51] SENDER 1: ⏭️ Skipped info@skinspanewyork.com (already sent)
[2026-03-17 10:41:51] WORKER 1: Waiting 85.3s
[2026-03-17 10:42:07] WORKER 2: ✓ Sent to alluredayspa@hotmail.com
[2026-03-17 10:42:07] WORKER 2: Waiting 74.1s
[2026-03-17 10:42:08] SENDER 4: ⏭️ Skipped yourskinspecialist@greenwichmedicalspa.com (already sent)
[2026-03-17 10:42:08] WORKER 4: Waiting 67.8s
[2026-03-17 10:42:08] WORKER 3: ✓ Sent to shinylaserclinic@gmail.com
[2026-03-17 10:42:08] WORKER 3: Waiting 64.5s
[2026-03-17 10:42:23] SENDER 5: ⏭️ Skipped info@miabella-aesthetics.com (already sent)
[2026-03-17 10:42:23] WORKER 5: Waiting 65.4s
[2026-03-17 10:43:16] SENDER 4: ⏭️ Skipped appts@newtownmedispa.com (already sent)
[2026-03-17 10:43:16] WORKER 4: Waiting 73.4s
[2026-03-17 10:43:17] SENDER 1: ⏭️ Skipped info@inglomedspa.com (already sent)
[2026-03-17 10:43:17] WORKER 1: Waiting 69.2s
[2026-03-17 10:43:17] WORKER 3: ✓ Sent to info@beautyvaultmedspa.com
[2026-03-17 10:43:17] WORKER 3: Waiting 85.1s
[2026-03-17 10:43:21] SENDER 2: ⏭️ Skipped zzspabookings@gmail.com (already sent)
[2026-03-17 10:43:21] WORKER 2: Waiting 67.2s
[2026-03-17 10:43:29] SENDER 5: ⏭️ Skipped office@rejuvenationskinwellness.com (already sent)
[2026-03-17 10:43:29] WORKER 5: Waiting 82.6s
[2026-03-17 10:44:26] SENDER 1: ⏭️ Skipped info@eurekabodycareandspa.com (already sent)
[2026-03-17 10:44:26] WORKER 1: Waiting 77.6s
[2026-03-17 10:44:29] SENDER 4: ⏭️ Skipped miasmedicalspa@gmail.com (already sent)
[2026-03-17 10:44:29] WORKER 4: Waiting 69.9s
[2026-03-17 10:44:33] WORKER 2: ✓ Sent to support@midtownlaserspa.com
[2026-03-17 10:44:33] WORKER 2: Waiting 72.0s
[2026-03-17 10:44:55] WORKER 5: ✓ Sent to hazelandhoneybeauty@gmail.com
[2026-03-17 10:44:55] WORKER 5: Waiting 64.7s
[2026-03-17 10:45:05] WORKER 3: ✗ Failed to wendiemiron@parkplacemedispa.com - (550, b'5.4.5 Daily user sending limit exceeded. For more information on Gmail\n5.4.5 sending limits go to\n5.4.5  https://support.google.com/a/answer/166852 5b1f17b1804b1-48634a7ac2csm10958195e9.1 - gsmtp')
[2026-03-17 10:45:05] WORKER 3: Waiting 74.6s
[2026-03-17 10:45:39] SENDER 4: ⏭️ Skipped customerservice@dvmedspa.com (already sent)
[2026-03-17 10:45:39] WORKER 4: Waiting 69.8s
[2026-03-17 10:45:43] SENDER 1: ⏭️ Skipped info@skinspanewyork.com (already sent)
[2026-03-17 10:45:43] WORKER 1: Waiting 83.7s
[2026-03-17 10:45:45] SENDER 2: ⏭️ Skipped info@rejuvenationny.com (already sent)
[2026-03-17 10:45:45] WORKER 2: Waiting 71.2s
[2026-03-17 10:46:04] WORKER 5: ✓ Sent to hello@evriaesthetics.com
[2026-03-17 10:46:04] WORKER 5: Waiting 67.6s
[2026-03-17 10:46:19] SENDER 3: ⏭️ Skipped info@southcoastmedspa.com (already sent)
[2026-03-17 10:46:19] WORKER 3: Waiting 76.7s
[2026-03-17 10:46:49] SENDER 4: ⏭️ Skipped avon@blushmedspact.com (already sent)
[2026-03-17 10:46:49] WORKER 4: Waiting 79.7s
[2026-03-17 10:46:56] SENDER 2: ⏭️ Skipped admin@glospany.com (already sent)
[2026-03-17 10:46:56] WORKER 2: Waiting 75.3s
[2026-03-17 10:47:07] SENDER 1: ⏭️ Skipped mbeautystudiospa@gmail.com (already sent)
[2026-03-17 10:47:07] WORKER 1: Waiting 79.6s
[2026-03-17 10:47:11] SENDER 5: ⏭️ Skipped hazelandhoneybeauty@gmail.com (already sent)
[2026-03-17 10:47:11] WORKER 5: Waiting 60.4s
[2026-03-17 10:47:59] WORKER 3: ✗ Failed to info@skinversemedspa.com - (550, b'5.4.5 Daily user sending limit exceeded. For more information on Gmail\n5.4.5 sending limits go to\n5.4.5  https://support.google.com/a/answer/166852 5b1f17b1804b1-4856eab0504sm42399365e9.13 - gsmtp')
[2026-03-17 10:47:59] WORKER 3: Waiting 76.5s
[2026-03-17 10:48:08] SENDER 4: ⏭️ Skipped yourskinspecialist@greenwichmedicalspa.com (already sent)
[2026-03-17 10:48:08] WORKER 4: Waiting 79.3s
[2026-03-17 10:48:11] SENDER 2: ⏭️ Skipped info@aesthetics21.com (already sent)
[2026-03-17 10:48:11] WORKER 2: Waiting 72.1s
[2026-03-17 10:48:19] WORKER 5: ✓ Sent to info@beauteenhanced.com
[2026-03-17 10:48:19] WORKER 5: Waiting 87.1s
[2026-03-17 10:48:27] SENDER 1: ⏭️ Skipped info@upkeepmedspa.com (already sent)
[2026-03-17 10:48:27] WORKER 1: Waiting 77.1s
[2026-03-17 10:49:23] SENDER 2: ⏭️ Skipped info@justmelt.com (already sent)
[2026-03-17 10:49:23] WORKER 2: Waiting 71.6s
[2026-03-17 10:49:28] SENDER 4: ⏭️ Skipped yourskinspecialist@greenwichmedicalspa.com (already sent)
[2026-03-17 10:49:28] WORKER 4: Waiting 73.6s
[2026-03-17 10:49:39] WORKER 3: ✗ Failed to info@mybotoxla.com - (550, b'5.4.5 Daily user sending limit exceeded. For more information on Gmail\n5.4.5 sending limits go to\n5.4.5  https://support.google.com/a/answer/166852 5b1f17b1804b1-4855778eda8sm174758875e9.5 - gsmtp')
[2026-03-17 10:49:39] WORKER 3: Waiting 75.5s
[2026-03-17 10:49:44] SENDER 1: ⏭️ Skipped info@belangemedspa.com (already sent)
[2026-03-17 10:49:44] WORKER 1: Waiting 74.8s
[2026-03-17 10:49:50] WORKER 5: ✓ Sent to info@advancedaesthetics-medispa.com
[2026-03-17 10:49:50] WORKER 5: Waiting 66.7s
[2026-03-17 10:50:35] SENDER 2: ⏭️ Skipped appts@petalslaserlounge.com (already sent)
[2026-03-17 10:50:35] WORKER 2: Waiting 61.0s
[2026-03-17 10:50:41] SENDER 4: ⏭️ Skipped yourskinspecialist@greenwichmedicalspa.com (already sent)
[2026-03-17 10:50:41] WORKER 4: Waiting 82.4s
[2026-03-17 10:50:59] SENDER 1: ⏭️ Skipped zzspabookings@gmail.com (already sent)
[2026-03-17 10:50:59] WORKER 1: Waiting 83.0s
[2026-03-17 10:51:00] WORKER 5: ✓ Sent to info@luxmed-spa.com
[2026-03-17 10:51:00] WORKER 5: Waiting 81.6s
[2026-03-17 10:51:17] WORKER 3: ✗ Failed to hello@ivemedicalspa.com - (550, b'5.4.5 Daily user sending limit exceeded. For more information on Gmail\n5.4.5 sending limits go to\n5.4.5  https://support.google.com/a/answer/166852 5b1f17b1804b1-485563f8c23sm193115785e9.1 - gsmtp')
[2026-03-17 10:51:17] WORKER 3: Waiting 88.8s
[2026-03-17 10:51:36] SENDER 2: ⏭️ Skipped info@skinlyaesthetics.com (already sent)
[2026-03-17 10:51:36] WORKER 2: Waiting 79.6s
[2026-03-17 10:52:04] SENDER 4: ⏭️ Skipped info@samaramedspa.com (already sent)
[2026-03-17 10:52:04] WORKER 4: Waiting 66.5s
[2026-03-17 10:52:22] SENDER 1: ⏭️ Skipped info@minimaleskin.com (already sent)
[2026-03-17 10:52:22] WORKER 1: Waiting 68.1s
[2026-03-17 10:52:26] WORKER 5: ✓ Sent to info@premiereglowde.com
[2026-03-17 10:52:26] WORKER 5: Waiting 66.3s
[2026-03-17 10:52:55] SENDER 2: ⏭️ Skipped info@themedspatx.com (already sent)
[2026-03-17 10:52:55] WORKER 2: Waiting 75.1s
[2026-03-17 10:53:10] SENDER 4: ⏭️ Skipped appts@newtownmedispa.com (already sent)
[2026-03-17 10:53:10] WORKER 4: Waiting 89.9s
[2026-03-17 10:53:18] WORKER 3: ✗ Failed to reception@losfelizmedspa.com - (550, b'5.4.5 Daily user sending limit exceeded. For more information on Gmail\n5.4.5 sending limits go to\n5.4.5  https://support.google.com/a/answer/166852 5b1f17b1804b1-4856ea8fad1sm77903925e9.1 - gsmtp')
[2026-03-17 10:53:18] WORKER 3: Waiting 70.5s
[2026-03-17 10:53:30] SENDER 1: ⏭️ Skipped info@skinspanewyork.com (already sent)
[2026-03-17 10:53:30] WORKER 1: Waiting 74.5s
[2026-03-17 10:53:36] WORKER 5: ✓ Sent to blissfulbalance23@gmail.com
[2026-03-17 10:53:36] WORKER 5: Waiting 73.8s
[2026-03-17 10:54:10] SENDER 2: ⏭️ Skipped clientcare@secretmedspa.com (already sent)
[2026-03-17 10:54:10] WORKER 2: Waiting 75.5s
[2026-03-17 10:54:40] SENDER 4: ⏭️ Skipped laurie@modern-skinglo.com (already sent)
[2026-03-17 10:54:40] WORKER 4: Waiting 85.7s
[2026-03-17 10:54:44] SENDER 1: ⏭️ Skipped info@skinspanewyork.com (already sent)
[2026-03-17 10:54:44] WORKER 1: Waiting 60.7s
[2026-03-17 10:54:51] WORKER 3: ✗ Failed to info@glowaestheticcenter.com - (550, b'5.4.5 Daily user sending limit exceeded. For more information on Gmail\n5.4.5 sending limits go to\n5.4.5  https://support.google.com/a/answer/166852 ffacd0b85a97d-43b41065f8csm21968808f8f.30 - gsmtp')
[2026-03-17 10:54:51] WORKER 3: Waiting 60.6s
[2026-03-17 10:54:53] WORKER 5: ✓ Sent to info@seiffcenter.com
[2026-03-17 10:54:53] WORKER 5: Waiting 60.4s
[2026-03-17 10:55:31] WORKER 2: ✓ Sent to info@myspecialtymd.com
[2026-03-17 10:55:31] WORKER 2: Waiting 63.5s
[2026-03-17 10:55:45] SENDER 1: ⏭️ Skipped customerservice@skinneymedspa.com (already sent)
[2026-03-17 10:55:45] WORKER 1: Waiting 67.6s
[2026-03-17 10:55:57] WORKER 5: ✓ Sent to info@thegardenmedspa.com
[2026-03-17 10:55:57] WORKER 5: Waiting 78.3s
[2026-03-17 10:56:06] SENDER 4: ⏭️ Skipped customerservice@dvmedspa.com (already sent)
[2026-03-17 10:56:06] WORKER 4: Waiting 73.8s
[2026-03-17 10:56:15] WORKER 3: ✗ Failed to blisspointmedspa@gmail.com - (550, b'5.4.5 Daily user sending limit exceeded. For more information on Gmail\n5.4.5 sending limits go to\n5.4.5  https://support.google.com/a/answer/166852 ffacd0b85a97d-43b45e5c233sm13353440f8f.33 - gsmtp')
[2026-03-17 10:56:15] WORKER 3: Waiting 73.5s
[2026-03-17 10:56:39] WORKER 2: ✓ Sent to info@rogmedspa.com
[2026-03-17 10:56:39] WORKER 2: Waiting 76.7s
[2026-03-17 10:56:53] SENDER 1: ⏭️ Skipped alluredayspa@hotmail.com (already sent)
[2026-03-17 10:56:53] WORKER 1: Waiting 86.7s
[2026-03-17 10:57:15] SENDER 5: ⏭️ Skipped info@seiffcenter.com (already sent)
[2026-03-17 10:57:15] WORKER 5: Waiting 72.5s
[2026-03-17 10:57:20] SENDER 4: ⏭️ Skipped customerservice@dvmedspa.com (already sent)
[2026-03-17 10:57:20] WORKER 4: DONE
[2026-03-17 10:57:52] WORKER 3: ✗ Failed to info@beautyranchspa.com - (550, b'5.4.5 Daily user sending limit exceeded. For more information on Gmail\n5.4.5 sending limits go to\n5.4.5  https://support.google.com/a/answer/166852 5b1f17b1804b1-4856ea9d7e1sm45262155e9.7 - gsmtp')
[2026-03-17 10:57:52] WORKER 3: Waiting 61.6s
[2026-03-17 10:58:03] WORKER 2: ✓ Sent to admin@northtexasmedspa.com
[2026-03-17 10:58:03] WORKER 2: Waiting 61.0s
[2026-03-17 10:58:19] SENDER 1: ⏭️ Skipped zzspabookings@gmail.com (already sent)
[2026-03-17 10:58:19] WORKER 1: Waiting 72.4s
[2026-03-17 10:58:27] SENDER 5: ⏭️ Skipped info@thegardenmedspa.com (already sent)
[2026-03-17 10:58:27] WORKER 5: DONE
[2026-03-17 10:59:09] WORKER 2: ✓ Sent to info@hushmedspa.com
[2026-03-17 10:59:09] WORKER 2: DONE
[2026-03-17 10:59:17] WORKER 3: ✗ Failed to info@spamedicaaesthetic.com - (550, b'5.4.5 Daily user sending limit exceeded. For more information on Gmail\n5.4.5 sending limits go to\n5.4.5  https://support.google.com/a/answer/166852 5b1f17b1804b1-4856ea9c340sm44333175e9.7 - gsmtp')
[2026-03-17 10:59:17] WORKER 3: Waiting 67.4s
[2026-03-17 10:59:32] SENDER 1: ⏭️ Skipped support@midtownlaserspa.com (already sent)
[2026-03-17 10:59:32] WORKER 1: DONE
[2026-03-17 11:00:48] WORKER 3: ✗ Failed to info@mirrormedspa.com - (550, b'5.4.5 Daily user sending limit exceeded. For more information on Gmail\n5.4.5 sending limits go to\n5.4.5  https://support.google.com/a/answer/166852 ffacd0b85a97d-43b3d87b1fbsm25219691f8f.7 - gsmtp')
[2026-03-17 11:00:48] WORKER 3: Waiting 65.5s
[2026-03-17 11:02:16] WORKER 3: ✗ Failed to info@renewmespa.com - (550, b'5.4.5 Daily user sending limit exceeded. For more information on Gmail\n5.4.5 sending limits go to\n5.4.5  https://support.google.com/a/answer/166852 ffacd0b85a97d-43b3b0e9b99sm25660821f8f.18 - gsmtp')
[2026-03-17 11:02:16] WORKER 3: Waiting 73.3s
[2026-03-17 11:03:53] WORKER 3: ✗ Failed to info@refreshmedspala.com - (550, b'5.4.5 Daily user sending limit exceeded. For more information on Gmail\n5.4.5 sending limits go to\n5.4.5  https://support.google.com/a/answer/166852 ffacd0b85a97d-43b416e3678sm19697688f8f.17 - gsmtp')
[2026-03-17 11:03:53] WORKER 3: DONE
[2026-03-17 11:03:53] CAMPAIGN END - sent=113, failed=12, skipped=95
