[2026-03-15 23:59:24] CAMPAIGN START - 5 senders, 249 leads
[2026-03-15 23:59:24] VERIFY: Testing sender 1 - hassnainbaloch233@gmail.com
[2026-03-15 23:59:26] VERIFY: Sender 1 OK - hassnainbaloch233@gmail.com
[2026-03-15 23:59:26] VERIFY: Testing sender 2 - digivine.hq@gmail.com
[2026-03-15 23:59:27] VERIFY: Sender 2 OK - digivine.hq@gmail.com
[2026-03-15 23:59:27] VERIFY: Testing sender 3 - hassnain.rkx.advertising@gmail.com
[2026-03-15 23:59:29] VERIFY: Sender 3 OK - hassnain.rkx.advertising@gmail.com
[2026-03-15 23:59:29] VERIFY: Testing sender 4 - hassnainkhan562@gmail.com
[2026-03-15 23:59:30] VERIFY: Sender 4 OK - hassnainkhan562@gmail.com
[2026-03-15 23:59:30] VERIFY: Testing sender 5 - hassnainbaloch651@gmail.com
[2026-03-15 23:59:31] VERIFY: Sender 5 OK - hassnainbaloch651@gmail.com
[2026-03-15 23:59:31] SENDER 1: Connecting to smtp.gmail.com:587
[2026-03-15 23:59:32] SENDER 2: Connecting to smtp.gmail.com:587
[2026-03-15 23:59:32] SENDER 3: Connecting to smtp.gmail.com:587
[2026-03-15 23:59:33] SENDER 1: Login OK
[2026-03-15 23:59:33] SENDER 1: Sending to leads 0-29
[2026-03-15 23:59:33] SENDER 4: Connecting to smtp.gmail.com:587
[2026-03-15 23:59:33] SENDER 2: Login OK
[2026-03-15 23:59:33] SENDER 2: Sending to leads 30-59
[2026-03-15 23:59:33] SENDER 5: Connecting to smtp.gmail.com:587
[2026-03-15 23:59:34] SENDER 3: Login OK
[2026-03-15 23:59:34] SENDER 3: Sending to leads 60-89
[2026-03-15 23:59:34] CAMPAIGN: 5 threads started
[2026-03-15 23:59:34] SENDER 4: Login OK
[2026-03-15 23:59:34] SENDER 4: Sending to leads 90-119
[2026-03-15 23:59:35] SENDER 1: Email sent to drckulkoff@gmail.com
[2026-03-15 23:59:35] SENDER 1: Waiting 41.8s
[2026-03-15 23:59:35] SENDER 5: Login OK
[2026-03-15 23:59:35] SENDER 5: Sending to leads 120-149
[2026-03-15 23:59:35] SENDER 4: Email sent to info@kurskinlab.com
[2026-03-15 23:59:35] SENDER 4: Waiting 31.2s
[2026-03-15 23:59:36] SENDER 2: Email sent to info@bluespa.com
[2026-03-15 23:59:36] SENDER 2: Waiting 29.3s
[2026-03-15 23:59:36] SENDER 3: Email sent to info@eurekabodycareandspa.com
[2026-03-15 23:59:36] SENDER 3: Waiting 44.0s
[2026-03-15 23:59:36] SENDER 5: Email sent to info@otmedspa.com
[2026-03-15 23:59:36] SENDER 5: Waiting 26.8s
[2026-03-16 00:00:04] SENDER 5: Email sent to hello@sanjivamedspa.com
[2026-03-16 00:00:04] SENDER 5: Waiting 38.1s
[2026-03-16 00:00:06] SENDER 2: Email sent to rjmedspa07@gmail.com
[2026-03-16 00:00:06] SENDER 2: Waiting 27.5s
[2026-03-16 00:00:08] SENDER 4: Email sent to info@inglomedspa.com
[2026-03-16 00:00:08] SENDER 4: Waiting 36.6s
[2026-03-16 00:00:18] SENDER 1: Email sent to sofia@conejovalleymedspa.com
[2026-03-16 00:00:18] SENDER 1: Waiting 45.0s
[2026-03-16 00:00:22] SENDER 3: Email sent to info@skinspanewyork.com
[2026-03-16 00:00:22] SENDER 3: Waiting 26.9s
[2026-03-16 00:00:36] SENDER 2: Email sent to info@southcoastmedspa.com
[2026-03-16 00:00:36] SENDER 2: Waiting 40.5s
[2026-03-16 00:00:43] SENDER 5: Email sent to info@samedspa.com
[2026-03-16 00:00:43] SENDER 5: Waiting 34.0s
[2026-03-16 00:00:45] SENDER 4: Email sent to info@eurekabodycareandspa.com
[2026-03-16 00:00:45] SENDER 4: Waiting 40.3s
[2026-03-16 00:00:51] SENDER 3: Email sent to mbeautystudiospa@gmail.com
[2026-03-16 00:00:51] SENDER 3: Waiting 26.3s
[2026-03-16 00:01:04] SENDER 1: Email sent to info@glowaestheticcenter.com
[2026-03-16 00:01:04] SENDER 1: Waiting 42.6s
[2026-03-16 00:01:18] SENDER 2: Email sent to frontdesk@skinmedicalspa.com
[2026-03-16 00:01:18] SENDER 2: Waiting 26.9s
[2026-03-16 00:01:18] SENDER 3: Email sent to info@upkeepmedspa.com
[2026-03-16 00:01:18] SENDER 3: Waiting 42.0s
[2026-03-16 00:01:18] SENDER 5: Email sent to info@thepalmmedspa.com
[2026-03-16 00:01:18] SENDER 5: Waiting 25.3s
[2026-03-16 00:01:27] SENDER 4: Email sent to info@skinspanewyork.com
[2026-03-16 00:01:27] SENDER 4: Waiting 36.4s
[2026-03-16 00:01:44] SENDER 5: Email sent to frontdesk@luxemedspaaesthetics.com
[2026-03-16 00:01:44] SENDER 5: Waiting 26.9s
[2026-03-16 00:01:47] SENDER 2: Email sent to info@damedspa.com
[2026-03-16 00:01:47] SENDER 2: Waiting 41.9s
[2026-03-16 00:01:49] SENDER 1: Email sent to info@beautyranchspa.com
[2026-03-16 00:01:49] SENDER 1: Waiting 26.4s
[2026-03-16 00:02:01] SENDER 3: Email sent to info@belangemedspa.com
[2026-03-16 00:02:01] SENDER 3: Waiting 37.1s
[2026-03-16 00:02:04] SENDER 4: Email sent to mbeautystudiospa@gmail.com
[2026-03-16 00:02:04] SENDER 4: Waiting 38.3s
[2026-03-16 00:02:12] SENDER 5: Email sent to stpetemedspa@gmail.com
[2026-03-16 00:02:12] SENDER 5: Waiting 43.8s
[2026-03-16 00:02:17] SENDER 1: Email sent to hello@ivemedicalspa.com
[2026-03-16 00:02:17] SENDER 1: Waiting 29.3s
[2026-03-16 00:02:30] SENDER 2: Email sent to info@pureluxemedical.com
[2026-03-16 00:02:30] SENDER 2: Waiting 42.7s
[2026-03-16 00:02:39] SENDER 3: Email sent to zzspabookings@gmail.com
[2026-03-16 00:02:39] SENDER 3: Waiting 26.9s
[2026-03-16 00:03:02] SENDER 4: FAILED to info@upkeepmedspa.com - SMTPServerDisconnected: Connection unexpectedly closed: [WinError 10054] An existing connection was forcibly closed by the remote host
[2026-03-16 00:03:02] SENDER 4: Waiting 36.7s
[2026-03-16 00:03:05] SENDER 1: FAILED to info@spamedicaaesthetic.com - SMTPServerDisconnected: Connection unexpectedly closed: [WinError 10054] An existing connection was forcibly closed by the remote host
[2026-03-16 00:03:05] SENDER 1: Waiting 25.3s
[2026-03-16 00:03:16] SENDER 5: FAILED to info@180medspa.com - SMTPServerDisconnected: Connection unexpectedly closed: [WinError 10054] An existing connection was forcibly closed by the remote host
[2026-03-16 00:03:16] SENDER 5: Waiting 42.5s
[2026-03-16 00:03:26] SENDER 3: FAILED to info@minimaleskin.com - SMTPServerDisconnected: Connection unexpectedly closed: [WinError 10054] An existing connection was forcibly closed by the remote host
[2026-03-16 00:03:26] SENDER 3: Waiting 28.5s
[2026-03-16 00:03:31] SENDER 1: FAILED to info@beautyboostmedspa.com - SMTPServerDisconnected: please run connect() first
[2026-03-16 00:03:31] SENDER 1: Waiting 34.0s
[2026-03-16 00:03:32] SENDER 2: FAILED to info@beverlyhillsmedspa.com - SMTPServerDisconnected: Connection unexpectedly closed: [WinError 10054] An existing connection was forcibly closed by the remote host
[2026-03-16 00:03:32] SENDER 2: Waiting 35.2s
[2026-03-16 00:03:39] SENDER 4: FAILED to info@belangemedspa.com - SMTPServerDisconnected: please run connect() first
[2026-03-16 00:03:39] SENDER 4: Waiting 31.1s
[2026-03-16 00:03:54] SENDER 3: FAILED to info@skinspanewyork.com - SMTPServerDisconnected: please run connect() first
[2026-03-16 00:03:54] SENDER 3: Waiting 37.8s
[2026-03-16 00:03:58] SENDER 5: FAILED to info@thepalmmedspa.com - SMTPServerDisconnected: please run connect() first
[2026-03-16 00:03:58] SENDER 5: Waiting 44.0s
[2026-03-16 00:04:05] SENDER 1: FAILED to info@pchmedspa.com - SMTPServerDisconnected: please run connect() first
[2026-03-16 00:04:05] SENDER 1: Waiting 30.1s
[2026-03-16 00:04:08] SENDER 2: FAILED to info@dreambodymedspa.com - SMTPServerDisconnected: please run connect() first
[2026-03-16 00:04:08] SENDER 2: Waiting 28.8s
[2026-03-16 00:04:10] SENDER 4: FAILED to zzspabookings@gmail.com - SMTPServerDisconnected: please run connect() first
[2026-03-16 00:04:10] SENDER 4: Waiting 37.1s
[2026-03-16 00:04:32] SENDER 3: FAILED to info@skinspanewyork.com - SMTPServerDisconnected: please run connect() first
[2026-03-16 00:04:32] SENDER 3: Waiting 40.0s
[2026-03-16 00:04:35] SENDER 1: FAILED to info@skinversemedspa.com - SMTPServerDisconnected: please run connect() first
[2026-03-16 00:04:35] SENDER 1: Waiting 42.4s
[2026-03-16 00:04:36] SENDER 2: FAILED to hello@sanctuairemd.com - SMTPServerDisconnected: please run connect() first
[2026-03-16 00:04:36] SENDER 2: Waiting 25.3s
[2026-03-16 00:04:42] SENDER 5: FAILED to frontdesk@luxemedspaaesthetics.com - SMTPServerDisconnected: please run connect() first
[2026-03-16 00:04:42] SENDER 5: Waiting 33.0s
[2026-03-16 00:04:47] SENDER 4: FAILED to info@minimaleskin.com - SMTPServerDisconnected: please run connect() first
[2026-03-16 00:04:47] SENDER 4: Waiting 28.7s
[2026-03-16 00:05:02] SENDER 2: FAILED to info@cicproviders.com - SMTPServerDisconnected: please run connect() first
[2026-03-16 00:05:02] SENDER 2: Waiting 28.9s
[2026-03-16 00:05:12] SENDER 3: FAILED to customerservice@skinneymedspa.com - SMTPServerDisconnected: please run connect() first
[2026-03-16 00:05:12] SENDER 3: Waiting 31.0s
[2026-03-16 00:05:15] SENDER 5: FAILED to stpetemedspa@gmail.com - SMTPServerDisconnected: please run connect() first
[2026-03-16 00:05:15] SENDER 5: Waiting 37.6s
[2026-03-16 00:05:16] SENDER 4: FAILED to info@skinspanewyork.com - SMTPServerDisconnected: please run connect() first
[2026-03-16 00:05:16] SENDER 4: Waiting 36.6s
[2026-03-16 00:05:17] SENDER 1: FAILED to reception@losfelizmedspa.com - SMTPServerDisconnected: please run connect() first
[2026-03-16 00:05:17] SENDER 1: Waiting 31.7s
[2026-03-16 00:05:31] SENDER 2: FAILED to epiphanymedspa206@gmail.com - SMTPServerDisconnected: please run connect() first
[2026-03-16 00:05:31] SENDER 2: Waiting 39.2s
[2026-03-16 00:05:43] SENDER 3: FAILED to alluredayspa@hotmail.com - SMTPServerDisconnected: please run connect() first
[2026-03-16 00:05:43] SENDER 3: Waiting 30.9s
[2026-03-16 00:05:49] SENDER 1: FAILED to contactus@newimagemedspa.com - SMTPServerDisconnected: please run connect() first
[2026-03-16 00:05:49] SENDER 1: Waiting 35.6s
[2026-03-16 00:05:52] SENDER 4: FAILED to info@skinspanewyork.com - SMTPServerDisconnected: please run connect() first
[2026-03-16 00:05:52] SENDER 4: Waiting 25.8s
[2026-03-16 00:05:53] SENDER 5: FAILED to caroline@thefortlauderdalemedspa.com - SMTPServerDisconnected: please run connect() first
[2026-03-16 00:05:53] SENDER 5: Waiting 39.8s
[2026-03-16 00:06:10] SENDER 2: FAILED to info@refynedaesthetics.com - SMTPServerDisconnected: please run connect() first
[2026-03-16 00:06:10] SENDER 2: Waiting 37.5s
[2026-03-16 00:06:14] SENDER 3: FAILED to zzspabookings@gmail.com - SMTPServerDisconnected: please run connect() first
[2026-03-16 00:06:14] SENDER 3: Waiting 31.6s
[2026-03-16 00:06:18] SENDER 4: FAILED to customerservice@skinneymedspa.com - SMTPServerDisconnected: please run connect() first
[2026-03-16 00:06:18] SENDER 4: Waiting 28.3s
[2026-03-16 00:06:25] SENDER 1: FAILED to sylmarmedspa@gmail.com - SMTPServerDisconnected: please run connect() first
[2026-03-16 00:06:25] SENDER 1: Waiting 41.3s
[2026-03-16 00:06:32] SENDER 5: FAILED to info@180medspa.com - SMTPServerDisconnected: please run connect() first
[2026-03-16 00:06:32] SENDER 5: Waiting 28.1s
[2026-03-16 00:06:46] SENDER 3: FAILED to support@midtownlaserspa.com - SMTPServerDisconnected: please run connect() first
[2026-03-16 00:06:46] SENDER 3: Waiting 40.1s
[2026-03-16 00:06:46] SENDER 4: FAILED to alluredayspa@hotmail.com - SMTPServerDisconnected: please run connect() first
[2026-03-16 00:06:46] SENDER 4: Waiting 31.9s
[2026-03-16 00:06:47] SENDER 2: FAILED to encoremedspa@gmail.com - SMTPServerDisconnected: please run connect() first
[2026-03-16 00:06:47] SENDER 2: Waiting 34.8s
[2026-03-16 00:07:01] SENDER 5: FAILED to officemanager@monacomedspa.com - SMTPServerDisconnected: please run connect() first
[2026-03-16 00:07:01] SENDER 5: Waiting 39.2s
[2026-03-16 00:07:06] SENDER 1: FAILED to info@amoderm.com - SMTPServerDisconnected: please run connect() first
[2026-03-16 00:07:06] SENDER 1: Waiting 32.2s
[2026-03-16 00:07:18] SENDER 4: FAILED to zzspabookings@gmail.com - SMTPServerDisconnected: please run connect() first
[2026-03-16 00:07:18] SENDER 4: Waiting 33.3s
[2026-03-16 00:07:22] SENDER 2: FAILED to info@restorativemedicalspa.com - SMTPServerDisconnected: please run connect() first
[2026-03-16 00:07:22] SENDER 2: Waiting 31.4s
[2026-03-16 00:07:26] SENDER 3: FAILED to info@rejuvenationny.com - SMTPServerDisconnected: please run connect() first
[2026-03-16 00:07:26] SENDER 3: Waiting 44.0s
[2026-03-16 00:07:38] SENDER 1: FAILED to rosemila2010@gmail.com - SMTPServerDisconnected: please run connect() first
[2026-03-16 00:07:38] SENDER 1: Waiting 44.9s
[2026-03-16 00:07:40] SENDER 5: FAILED to info@luxmedspabrickell.com - SMTPServerDisconnected: please run connect() first
[2026-03-16 00:07:40] SENDER 5: Waiting 39.3s
[2026-03-16 00:07:52] SENDER 4: FAILED to support@midtownlaserspa.com - SMTPServerDisconnected: please run connect() first
[2026-03-16 00:07:52] SENDER 4: Waiting 28.6s
[2026-03-16 00:07:54] SENDER 2: FAILED to info@savageserenityspa.com - SMTPServerDisconnected: please run connect() first
[2026-03-16 00:07:54] SENDER 2: Waiting 40.1s
[2026-03-16 00:08:10] SENDER 3: FAILED to admin@glospany.com - SMTPServerDisconnected: please run connect() first
[2026-03-16 00:08:10] SENDER 3: Waiting 41.3s
[2026-03-16 00:08:19] SENDER 5: FAILED to info@tremedspa.com - SMTPServerDisconnected: please run connect() first
[2026-03-16 00:08:19] SENDER 5: Waiting 40.5s
[2026-03-16 00:08:20] SENDER 4: FAILED to info@rejuvenationny.com - SMTPServerDisconnected: please run connect() first
[2026-03-16 00:08:20] SENDER 4: Waiting 30.7s
[2026-03-16 00:08:23] SENDER 1: FAILED to mdsbydoctorfatoff@gmail.com - SMTPServerDisconnected: please run connect() first
[2026-03-16 00:08:23] SENDER 1: Waiting 44.0s
[2026-03-16 00:08:34] SENDER 2: FAILED to hello@aesthetxhaus.com - SMTPServerDisconnected: please run connect() first
[2026-03-16 00:08:34] SENDER 2: Waiting 39.8s
[2026-03-16 00:08:51] SENDER 3: FAILED to info@aesthetics21.com - SMTPServerDisconnected: please run connect() first
[2026-03-16 00:08:51] SENDER 3: Waiting 42.8s
[2026-03-16 00:08:51] SENDER 4: FAILED to admin@glospany.com - SMTPServerDisconnected: please run connect() first
[2026-03-16 00:08:51] SENDER 4: Waiting 39.7s
[2026-03-16 00:09:00] SENDER 5: FAILED to connect@couturemedspa.com - SMTPServerDisconnected: please run connect() first
[2026-03-16 00:09:00] SENDER 5: Waiting 31.3s
[2026-03-16 00:09:07] SENDER 1: FAILED to blisspointmedspa@gmail.com - SMTPServerDisconnected: please run connect() first
[2026-03-16 00:09:07] SENDER 1: Waiting 33.7s
[2026-03-16 00:09:13] SENDER 2: FAILED to centralcoastmedicalaesthetics@gmail.com - SMTPServerDisconnected: please run connect() first
[2026-03-16 00:09:13] SENDER 2: Waiting 42.9s
[2026-03-16 00:09:31] SENDER 4: FAILED to info@aesthetics21.com - SMTPServerDisconnected: please run connect() first
[2026-03-16 00:09:31] SENDER 4: Waiting 41.1s
[2026-03-16 00:09:31] SENDER 5: FAILED to connect@couturemedspa.com - SMTPServerDisconnected: please run connect() first
[2026-03-16 00:09:31] SENDER 5: Waiting 40.3s
[2026-03-16 00:09:34] SENDER 3: FAILED to info@justmelt.com - SMTPServerDisconnected: please run connect() first
[2026-03-16 00:09:34] SENDER 3: Waiting 33.2s
[2026-03-16 00:09:41] SENDER 1: FAILED to smakandura@gmail.com - SMTPServerDisconnected: please run connect() first
[2026-03-16 00:09:41] SENDER 1: Waiting 32.9s
[2026-03-16 00:09:56] SENDER 2: FAILED to tammie@thespaatfgv.com - SMTPServerDisconnected: please run connect() first
[2026-03-16 00:09:56] SENDER 2: Waiting 44.5s
[2026-03-16 00:10:07] SENDER 3: FAILED to appts@petalslaserlounge.com - SMTPServerDisconnected: please run connect() first
[2026-03-16 00:10:07] SENDER 3: Waiting 44.9s
[2026-03-16 00:10:11] SENDER 5: FAILED to contact@emeraldluxemedicalspa.com - SMTPServerDisconnected: please run connect() first
[2026-03-16 00:10:11] SENDER 5: Waiting 27.4s
[2026-03-16 00:10:12] SENDER 4: FAILED to info@justmelt.com - SMTPServerDisconnected: please run connect() first
[2026-03-16 00:10:12] SENDER 4: Waiting 28.3s
[2026-03-16 00:10:13] SENDER 1: FAILED to info@memedicalspa.com - SMTPServerDisconnected: please run connect() first
[2026-03-16 00:10:13] SENDER 1: Waiting 29.8s
[2026-03-16 00:10:39] SENDER 5: FAILED to hello@truglomedspa.com - SMTPServerDisconnected: please run connect() first
[2026-03-16 00:10:39] SENDER 5: Waiting 29.9s
[2026-03-16 00:10:40] SENDER 4: FAILED to appts@petalslaserlounge.com - SMTPServerDisconnected: please run connect() first
[2026-03-16 00:10:40] SENDER 4: Waiting 41.9s
[2026-03-16 00:10:41] SENDER 2: FAILED to info@perfectmedspa.com - SMTPServerDisconnected: please run connect() first
[2026-03-16 00:10:41] SENDER 2: Waiting 27.6s
[2026-03-16 00:10:43] SENDER 1: FAILED to info@damedspa.com - SMTPServerDisconnected: please run connect() first
[2026-03-16 00:10:43] SENDER 1: Waiting 35.9s
[2026-03-16 00:10:52] SENDER 3: FAILED to info@skinlyaesthetics.com - SMTPServerDisconnected: please run connect() first
[2026-03-16 00:10:52] SENDER 3: Waiting 29.6s
[2026-03-16 00:11:08] SENDER 2: FAILED to berejuved@gmail.com - SMTPServerDisconnected: please run connect() first
[2026-03-16 00:11:08] SENDER 2: Waiting 35.8s
[2026-03-16 00:11:09] SENDER 5: FAILED to drphillipsmedicalspa@gmail.com - SMTPServerDisconnected: please run connect() first
[2026-03-16 00:11:09] SENDER 5: Waiting 44.4s
[2026-03-16 00:11:19] SENDER 1: FAILED to memedspamp@gmail.com - SMTPServerDisconnected: please run connect() first
[2026-03-16 00:11:19] SENDER 1: Waiting 41.1s
[2026-03-16 00:11:21] SENDER 3: FAILED to info@perfectmedspa.com - SMTPServerDisconnected: please run connect() first
[2026-03-16 00:11:21] SENDER 3: Waiting 33.1s
[2026-03-16 00:11:22] SENDER 4: FAILED to info@skinlyaesthetics.com - SMTPServerDisconnected: please run connect() first
[2026-03-16 00:11:22] SENDER 4: Waiting 39.9s
[2026-03-16 00:11:44] SENDER 2: FAILED to contact@skinovamedspa.com - SMTPServerDisconnected: please run connect() first
[2026-03-16 00:11:44] SENDER 2: Waiting 38.7s
[2026-03-16 00:11:53] SENDER 5: FAILED to oviedomedspa@gmail.com - SMTPServerDisconnected: please run connect() first
[2026-03-16 00:11:53] SENDER 5: Waiting 32.6s
[2026-03-16 00:11:54] SENDER 3: FAILED to berejuved@gmail.com - SMTPServerDisconnected: please run connect() first
[2026-03-16 00:11:54] SENDER 3: Waiting 30.1s
[2026-03-16 00:12:00] SENDER 1: FAILED to info@medskinessentials.com - SMTPServerDisconnected: please run connect() first
[2026-03-16 00:12:00] SENDER 1: Waiting 25.8s
[2026-03-16 00:12:02] SENDER 4: FAILED to info@themedspatx.com - SMTPServerDisconnected: please run connect() first
[2026-03-16 00:12:02] SENDER 4: Waiting 32.5s
[2026-03-16 00:12:23] SENDER 2: FAILED to zzspabookings@gmail.com - SMTPServerDisconnected: please run connect() first
[2026-03-16 00:12:23] SENDER 2: Waiting 42.7s
[2026-03-16 00:12:25] SENDER 3: FAILED to contact@skinovamedspa.com - SMTPServerDisconnected: please run connect() first
[2026-03-16 00:12:25] SENDER 3: Waiting 40.8s
[2026-03-16 00:12:26] SENDER 5: FAILED to info@goldenglowmedicalspa.com - SMTPServerDisconnected: please run connect() first
[2026-03-16 00:12:26] SENDER 5: Waiting 37.6s
[2026-03-16 00:12:26] SENDER 1: FAILED to info@damedspa.com - SMTPServerDisconnected: please run connect() first
[2026-03-16 00:12:26] SENDER 1: Waiting 43.6s
[2026-03-16 00:12:34] SENDER 4: FAILED to clientcare@secretmedspa.com - SMTPServerDisconnected: please run connect() first
[2026-03-16 00:12:34] SENDER 4: Waiting 29.0s
[2026-03-16 00:13:03] SENDER 5: FAILED to customerservice@skinneymedspa.com - SMTPServerDisconnected: please run connect() first
[2026-03-16 00:13:03] SENDER 5: Waiting 33.1s
[2026-03-16 00:13:03] SENDER 4: FAILED to info@myspecialtymd.com - SMTPServerDisconnected: please run connect() first
[2026-03-16 00:13:03] SENDER 4: Waiting 39.2s
[2026-03-16 00:13:05] SENDER 3: FAILED to zzspabookings@gmail.com - SMTPServerDisconnected: please run connect() first
[2026-03-16 00:13:05] SENDER 3: Waiting 42.4s
[2026-03-16 00:13:06] SENDER 2: FAILED to customerservice@skinneymedspa.com - SMTPServerDisconnected: please run connect() first
[2026-03-16 00:13:06] SENDER 2: Waiting 25.1s
[2026-03-16 00:13:10] SENDER 1: FAILED to info@damedspa.com - SMTPServerDisconnected: please run connect() first
[2026-03-16 00:13:10] SENDER 1: Waiting 28.5s
[2026-03-16 00:13:31] SENDER 2: FAILED to info@manhattan-medspa.com - SMTPServerDisconnected: please run connect() first
[2026-03-16 00:13:31] SENDER 2: Waiting 30.2s
[2026-03-16 00:13:36] SENDER 5: FAILED to cudaqbc@gmail.com - SMTPServerDisconnected: please run connect() first
[2026-03-16 00:13:36] SENDER 5: Waiting 37.8s
[2026-03-16 00:13:38] SENDER 1: FAILED to schedule@angellmedicalspa.com - SMTPServerDisconnected: please run connect() first
[2026-03-16 00:13:38] SENDER 1: Waiting 35.0s
[2026-03-16 00:13:43] SENDER 4: FAILED to info@rogmedspa.com - SMTPServerDisconnected: please run connect() first
[2026-03-16 00:13:43] SENDER 4: Waiting 35.2s
[2026-03-16 00:13:48] SENDER 3: FAILED to customerservice@skinneymedspa.com - SMTPServerDisconnected: please run connect() first
[2026-03-16 00:13:48] SENDER 3: Waiting 37.4s
[2026-03-16 00:14:01] SENDER 2: FAILED to info@casaglow.com - SMTPServerDisconnected: please run connect() first
[2026-03-16 00:14:01] SENDER 2: Waiting 33.5s
[2026-03-16 00:14:13] SENDER 1: FAILED to mdsbydoctorfatoff@gmail.com - SMTPServerDisconnected: please run connect() first
[2026-03-16 00:14:13] SENDER 1: Waiting 28.8s
[2026-03-16 00:14:14] SENDER 5: FAILED to info@sweetspotmedispa.com - SMTPServerDisconnected: please run connect() first
[2026-03-16 00:14:14] SENDER 5: Waiting 35.0s
[2026-03-16 00:14:18] SENDER 4: FAILED to admin@northtexasmedspa.com - SMTPServerDisconnected: please run connect() first
[2026-03-16 00:14:18] SENDER 4: Waiting 44.2s
[2026-03-16 00:14:25] SENDER 3: FAILED to info@manhattan-medspa.com - SMTPServerDisconnected: please run connect() first
[2026-03-16 00:14:25] SENDER 3: Waiting 41.7s
[2026-03-16 00:14:34] SENDER 2: FAILED to press@everbody.com - SMTPServerDisconnected: please run connect() first
[2026-03-16 00:14:34] SENDER 2: Waiting 38.7s
[2026-03-16 00:14:42] SENDER 1: FAILED to info@urbanalluresf.com - SMTPServerDisconnected: please run connect() first
[2026-03-16 00:14:42] SENDER 1: Waiting 25.2s
[2026-03-16 00:14:49] SENDER 5: FAILED to rjmedspa07@gmail.com - SMTPServerDisconnected: please run connect() first
[2026-03-16 00:14:49] SENDER 5: Waiting 42.4s
[2026-03-16 00:15:02] SENDER 4: FAILED to info@hushmedspa.com - SMTPServerDisconnected: please run connect() first
[2026-03-16 00:15:02] SENDER 4: Waiting 29.5s
[2026-03-16 00:15:07] SENDER 3: FAILED to info@casaglow.com - SMTPServerDisconnected: please run connect() first
[2026-03-16 00:15:07] SENDER 3: Waiting 32.5s
[2026-03-16 00:15:07] SENDER 1: FAILED to info@healthbaymedspa.com - SMTPServerDisconnected: please run connect() first
[2026-03-16 00:15:07] SENDER 1: Waiting 41.4s
[2026-03-16 00:15:13] SENDER 2: FAILED to info@revivalmedicalspa.com - SMTPServerDisconnected: please run connect() first
[2026-03-16 00:15:13] SENDER 2: Waiting 37.7s
[2026-03-16 00:15:31] SENDER 5: FAILED to shinylaserclinic@gmail.com - SMTPServerDisconnected: please run connect() first
[2026-03-16 00:15:31] SENDER 5: Waiting 28.0s
[2026-03-16 00:15:32] SENDER 4: FAILED to elitemedspa3319@gmail.com - SMTPServerDisconnected: please run connect() first
[2026-03-16 00:15:32] SENDER 4: Waiting 25.6s
[2026-03-16 00:15:39] SENDER 3: FAILED to press@everbody.com - SMTPServerDisconnected: please run connect() first
[2026-03-16 00:15:39] SENDER 3: Waiting 41.0s
[2026-03-16 00:15:49] SENDER 1: FAILED to benita@miraclemedlounge.com - SMTPServerDisconnected: please run connect() first
[2026-03-16 00:15:49] SENDER 1: Waiting 28.3s
[2026-03-16 00:15:51] SENDER 2: FAILED to customerservice@skinneymedspa.com - SMTPServerDisconnected: please run connect() first
[2026-03-16 00:15:51] SENDER 2: Waiting 34.7s
[2026-03-16 00:15:57] SENDER 4: FAILED to info@themedspatx.com - SMTPServerDisconnected: please run connect() first
[2026-03-16 00:15:57] SENDER 4: Waiting 37.0s
[2026-03-16 00:15:59] SENDER 5: FAILED to info@beautyvaultmedspa.com - SMTPServerDisconnected: please run connect() first
[2026-03-16 00:15:59] SENDER 5: Waiting 25.3s
[2026-03-16 00:16:17] SENDER 1: FAILED to info@calabloom.com - SMTPServerDisconnected: please run connect() first
[2026-03-16 00:16:17] SENDER 1: Waiting 40.2s
[2026-03-16 00:16:20] SENDER 3: FAILED to info@revivalmedicalspa.com - SMTPServerDisconnected: please run connect() first
[2026-03-16 00:16:20] SENDER 3: Waiting 26.4s
[2026-03-16 00:16:25] SENDER 5: FAILED to wendiemiron@parkplacemedispa.com - SMTPServerDisconnected: please run connect() first
[2026-03-16 00:16:25] SENDER 5: Waiting 30.7s
[2026-03-16 00:16:26] SENDER 2: FAILED to info@skinspanewyork.com - SMTPServerDisconnected: please run connect() first
[2026-03-16 00:16:26] SENDER 2: Waiting 40.9s
[2026-03-16 00:16:34] SENDER 4: FAILED to clientcare@secretmedspa.com - SMTPServerDisconnected: please run connect() first
[2026-03-16 00:16:34] [SENDER 4] Error: please run connect() first
Traceback (most recent call last):
  File "C:\Users\hassn\.docker\cagent\working_directories\docker-gordon-v5\fc03299d-3491-4df1-92cd-727f7d0d8d5d\default\app_fixed.py", line 260, in send_for_sender
    server.quit()
    ~~~~~~~~~~~^^
  File "C:\Python314\Lib\smtplib.py", line 1005, in quit
    res = self.docmd("quit")
  File "C:\Python314\Lib\smtplib.py", line 438, in docmd
    self.putcmd(cmd, args)
    ~~~~~~~~~~~^^^^^^^^^^^
  File "C:\Python314\Lib\smtplib.py", line 385, in putcmd
    self.send(f'{s}{CRLF}')
    ~~~~~~~~~^^^^^^^^^^^^^^
  File "C:\Python314\Lib\smtplib.py", line 372, in send
    raise SMTPServerDisconnected('please run connect() first')
smtplib.SMTPServerDisconnected: please run connect() first

[2026-03-16 00:16:47] SENDER 3: FAILED to customerservice@skinneymedspa.com - SMTPServerDisconnected: please run connect() first
[2026-03-16 00:16:47] SENDER 3: Waiting 33.4s
[2026-03-16 00:16:56] SENDER 5: FAILED to info@southcoastmedspa.com - SMTPServerDisconnected: please run connect() first
[2026-03-16 00:16:56] [SENDER 5] Error: please run connect() first
Traceback (most recent call last):
  File "C:\Users\hassn\.docker\cagent\working_directories\docker-gordon-v5\fc03299d-3491-4df1-92cd-727f7d0d8d5d\default\app_fixed.py", line 260, in send_for_sender
    server.quit()
    ~~~~~~~~~~~^^
  File "C:\Python314\Lib\smtplib.py", line 1005, in quit
    res = self.docmd("quit")
  File "C:\Python314\Lib\smtplib.py", line 438, in docmd
    self.putcmd(cmd, args)
    ~~~~~~~~~~~^^^^^^^^^^^
  File "C:\Python314\Lib\smtplib.py", line 385, in putcmd
    self.send(f'{s}{CRLF}')
    ~~~~~~~~~^^^^^^^^^^^^^^
  File "C:\Python314\Lib\smtplib.py", line 372, in send
    raise SMTPServerDisconnected('please run connect() first')
smtplib.SMTPServerDisconnected: please run connect() first

[2026-03-16 00:16:57] SENDER 1: FAILED to jademdaesthetics@gmail.com - SMTPServerDisconnected: please run connect() first
[2026-03-16 00:16:57] [SENDER 1] Error: please run connect() first
Traceback (most recent call last):
  File "C:\Users\hassn\.docker\cagent\working_directories\docker-gordon-v5\fc03299d-3491-4df1-92cd-727f7d0d8d5d\default\app_fixed.py", line 260, in send_for_sender
    server.quit()
    ~~~~~~~~~~~^^
  File "C:\Python314\Lib\smtplib.py", line 1005, in quit
    res = self.docmd("quit")
  File "C:\Python314\Lib\smtplib.py", line 438, in docmd
    self.putcmd(cmd, args)
    ~~~~~~~~~~~^^^^^^^^^^^
  File "C:\Python314\Lib\smtplib.py", line 385, in putcmd
    self.send(f'{s}{CRLF}')
    ~~~~~~~~~^^^^^^^^^^^^^^
  File "C:\Python314\Lib\smtplib.py", line 372, in send
    raise SMTPServerDisconnected('please run connect() first')
smtplib.SMTPServerDisconnected: please run connect() first

[2026-03-16 00:17:07] SENDER 2: FAILED to info@inglomedspa.com - SMTPServerDisconnected: please run connect() first
[2026-03-16 00:17:07] [SENDER 2] Error: please run connect() first
Traceback (most recent call last):
  File "C:\Users\hassn\.docker\cagent\working_directories\docker-gordon-v5\fc03299d-3491-4df1-92cd-727f7d0d8d5d\default\app_fixed.py", line 260, in send_for_sender
    server.quit()
    ~~~~~~~~~~~^^
  File "C:\Python314\Lib\smtplib.py", line 1005, in quit
    res = self.docmd("quit")
  File "C:\Python314\Lib\smtplib.py", line 438, in docmd
    self.putcmd(cmd, args)
    ~~~~~~~~~~~^^^^^^^^^^^
  File "C:\Python314\Lib\smtplib.py", line 385, in putcmd
    self.send(f'{s}{CRLF}')
    ~~~~~~~~~^^^^^^^^^^^^^^
  File "C:\Python314\Lib\smtplib.py", line 372, in send
    raise SMTPServerDisconnected('please run connect() first')
smtplib.SMTPServerDisconnected: please run connect() first

[2026-03-16 00:17:20] SENDER 3: FAILED to info@skinspanewyork.com - SMTPServerDisconnected: please run connect() first
[2026-03-16 00:17:20] [SENDER 3] Error: please run connect() first
Traceback (most recent call last):
  File "C:\Users\hassn\.docker\cagent\working_directories\docker-gordon-v5\fc03299d-3491-4df1-92cd-727f7d0d8d5d\default\app_fixed.py", line 260, in send_for_sender
    server.quit()
    ~~~~~~~~~~~^^
  File "C:\Python314\Lib\smtplib.py", line 1005, in quit
    res = self.docmd("quit")
  File "C:\Python314\Lib\smtplib.py", line 438, in docmd
    self.putcmd(cmd, args)
    ~~~~~~~~~~~^^^^^^^^^^^
  File "C:\Python314\Lib\smtplib.py", line 385, in putcmd
    self.send(f'{s}{CRLF}')
    ~~~~~~~~~^^^^^^^^^^^^^^
  File "C:\Python314\Lib\smtplib.py", line 372, in send
    raise SMTPServerDisconnected('please run connect() first')
smtplib.SMTPServerDisconnected: please run connect() first

[2026-03-16 00:17:20] CAMPAIGN END - sent=28, failed=127
