[2026-03-17 09:55:55] CAMPAIGN START - 5 workers, 220 leads
[2026-03-17 09:55:55] Speed mode: normal (60-90s)
[2026-03-17 09:55:55] Leads per worker: 44
[2026-03-17 09:56:08] WORKER 1: Starting - hassnainbaloch233@gmail.com (44 leads)
[2026-03-17 09:56:08] WORKER 2: Starting - digivine.hq@gmail.com (44 leads)
[2026-03-17 09:56:08] WORKER 3: Starting - hassnain.rkx.advertising@gmail.com (44 leads)
[2026-03-17 09:56:08] WORKER 4: Starting - hassnainkhan562@gmail.com (44 leads)
[2026-03-17 09:56:09] WORKER 5: Starting - hassnainbaloch651@gmail.com (44 leads)
[2026-03-17 09:56:12] WORKER 1: ✓ Sent to jademdaesthetics@gmail.com
[2026-03-17 09:56:12] WORKER 1: Waiting 71.6s
[2026-03-17 09:56:12] WORKER 4: ✓ Sent to info@7qspa.com
[2026-03-17 09:56:12] WORKER 4: Waiting 84.3s
[2026-03-17 09:56:12] WORKER 5: ✓ Sent to yourskinspecialist@greenwichmedicalspa.com
[2026-03-17 09:56:13] WORKER 5: Waiting 64.0s
[2026-03-17 09:56:13] WORKER 3: ✓ Sent to elitemedspa3319@gmail.com
[2026-03-17 09:56:13] WORKER 3: Waiting 65.6s
[2026-03-17 09:56:14] WORKER 2: ✓ Sent to info@rejuvenationny.com
[2026-03-17 09:56:14] WORKER 2: Waiting 68.7s
[2026-03-17 09:57:16] SENDER 5: ⏭️ Skipped yourskinspecialist@greenwichmedicalspa.com (already sent)
[2026-03-17 09:57:16] WORKER 5: Waiting 73.5s
[2026-03-17 09:57:23] WORKER 3: ✓ Sent to info@themedspatx.com
[2026-03-17 09:57:23] WORKER 3: Waiting 84.9s
[2026-03-17 09:57:26] WORKER 2: ✓ Sent to admin@glospany.com
[2026-03-17 09:57:26] WORKER 2: Waiting 73.0s
[2026-03-17 09:57:27] WORKER 1: ✓ Sent to info@bluespa.com
[2026-03-17 09:57:27] WORKER 1: Waiting 81.6s
[2026-03-17 09:57:40] WORKER 4: ✓ Sent to flawlessreflectionsbyvr@gmail.com
[2026-03-17 09:57:40] WORKER 4: Waiting 67.4s
[2026-03-17 09:58:34] WORKER 5: ✓ Sent to miasmedicalspa@gmail.com
[2026-03-17 09:58:34] WORKER 5: Waiting 76.1s
[2026-03-17 09:58:44] WORKER 2: ✓ Sent to info@aesthetics21.com
[2026-03-17 09:58:44] WORKER 2: Waiting 86.7s
[2026-03-17 09:58:52] WORKER 4: ✓ Sent to mesavitality@gmail.com
[2026-03-17 09:58:52] WORKER 4: Waiting 71.1s
[2026-03-17 09:58:52] WORKER 3: ✓ Sent to clientcare@secretmedspa.com
[2026-03-17 09:58:52] WORKER 3: Waiting 76.9s
[2026-03-17 09:58:53] WORKER 1: ✓ Sent to rjmedspa07@gmail.com
[2026-03-17 09:58:53] WORKER 1: Waiting 87.0s
[2026-03-17 09:59:50] WORKER 5: DONE
[2026-03-17 10:00:03] WORKER 4: DONE
[2026-03-17 10:00:09] WORKER 3: DONE
[2026-03-17 10:00:11] WORKER 2: DONE
[2026-03-17 10:00:20] WORKER 1: DONE
[2026-03-17 10:00:20] CAMPAIGN END - sent=14, failed=0, skipped=1
