[2026-03-18 23:02:16] CAMPAIGN START - 1 workers, 12 leads
[2026-03-18 23:02:16] Speed mode: medium (20-35s)
[2026-03-18 23:02:16] Leads per worker: 12
[2026-03-18 23:02:17] WORKER 1: Starting - hassnainkhan562@gmail.com (12 leads)
[2026-03-18 23:02:20] WORKER 1: ✓ Sent to wendiemiron@parkplacemedispa.com
[2026-03-18 23:02:20] WORKER 1: Waiting 27.3s
[2026-03-18 23:02:49] WORKER 1: ✓ Sent to info@skinversemedspa.com
[2026-03-18 23:02:49] WORKER 1: Waiting 31.9s
[2026-03-18 23:03:24] WORKER 1: ✓ Sent to info@mybotoxla.com
[2026-03-18 23:03:24] WORKER 1: Waiting 29.4s
[2026-03-18 23:03:56] WORKER 1: ✓ Sent to hello@ivemedicalspa.com
[2026-03-18 23:03:56] WORKER 1: Waiting 32.6s
[2026-03-18 23:04:30] WORKER 1: ✓ Sent to reception@losfelizmedspa.com
[2026-03-18 23:04:30] WORKER 1: Waiting 27.7s
[2026-03-18 23:05:00] WORKER 1: ✓ Sent to info@glowaestheticcenter.com
[2026-03-18 23:05:00] WORKER 1: Waiting 24.9s
[2026-03-18 23:05:28] WORKER 1: ✓ Sent to blisspointmedspa@gmail.com
[2026-03-18 23:05:28] WORKER 1: Waiting 32.4s
[2026-03-18 23:06:03] WORKER 1: ✓ Sent to info@beautyranchspa.com
[2026-03-18 23:06:03] WORKER 1: Waiting 24.1s
[2026-03-18 23:06:29] WORKER 1: ✓ Sent to info@spamedicaaesthetic.com
[2026-03-18 23:06:29] WORKER 1: Waiting 28.6s
[2026-03-18 23:07:00] WORKER 1: ✓ Sent to info@mirrormedspa.com
[2026-03-18 23:07:00] WORKER 1: Waiting 35.0s
[2026-03-18 23:07:38] WORKER 1: ✓ Sent to info@renewmespa.com
[2026-03-18 23:07:38] WORKER 1: Waiting 20.3s
[2026-03-18 23:08:00] WORKER 1: ✓ Sent to info@refreshmedspala.com
[2026-03-18 23:08:00] WORKER 1: DONE
[2026-03-18 23:08:00] CAMPAIGN END - sent=12, failed=0, skipped=0
