[2026-03-17 10:00:14] CAMPAIGN START - 5 workers, 220 leads
[2026-03-17 10:00:14] Speed mode: normal (60-90s)
[2026-03-17 10:00:14] Leads per worker: 44
[2026-03-17 10:00:26] WORKER 1: Starting - hassnainbaloch233@gmail.com (44 leads)
[2026-03-17 10:00:26] SENDER 1: ⏭️ Skipped jademdaesthetics@gmail.com (already sent)
[2026-03-17 10:00:26] WORKER 1: Waiting 71.8s
[2026-03-17 10:00:26] WORKER 2: Starting - digivine.hq@gmail.com (44 leads)
[2026-03-17 10:00:26] SENDER 2: ⏭️ Skipped info@rejuvenationny.com (already sent)
[2026-03-17 10:00:26] WORKER 2: Waiting 60.2s
[2026-03-17 10:00:26] WORKER 3: Starting - hassnain.rkx.advertising@gmail.com (44 leads)
[2026-03-17 10:00:26] SENDER 3: ⏭️ Skipped elitemedspa3319@gmail.com (already sent)
[2026-03-17 10:00:26] WORKER 3: Waiting 69.6s
[2026-03-17 10:00:26] WORKER 4: Starting - hassnainkhan562@gmail.com (44 leads)
[2026-03-17 10:00:26] SENDER 4: ⏭️ Skipped info@7qspa.com (already sent)
[2026-03-17 10:00:26] WORKER 4: Waiting 87.1s
[2026-03-17 10:00:26] WORKER 5: Starting - hassnainbaloch651@gmail.com (44 leads)
[2026-03-17 10:00:26] SENDER 5: ⏭️ Skipped yourskinspecialist@greenwichmedicalspa.com (already sent)
[2026-03-17 10:00:26] WORKER 5: Waiting 72.8s
[2026-03-17 10:01:26] SENDER 2: ⏭️ Skipped admin@glospany.com (already sent)
[2026-03-17 10:01:26] WORKER 2: Waiting 67.2s
[2026-03-17 10:01:36] SENDER 3: ⏭️ Skipped info@themedspatx.com (already sent)
[2026-03-17 10:01:36] WORKER 3: Waiting 78.9s
[2026-03-17 10:01:38] SENDER 1: ⏭️ Skipped info@bluespa.com (already sent)
[2026-03-17 10:01:38] WORKER 1: Waiting 65.7s
[2026-03-17 10:01:39] SENDER 5: ⏭️ Skipped yourskinspecialist@greenwichmedicalspa.com (already sent)
[2026-03-17 10:01:39] WORKER 5: Waiting 64.0s
[2026-03-17 10:01:53] SENDER 4: ⏭️ Skipped flawlessreflectionsbyvr@gmail.com (already sent)
[2026-03-17 10:01:53] WORKER 4: Waiting 64.7s
[2026-03-17 10:02:33] SENDER 2: ⏭️ Skipped info@aesthetics21.com (already sent)
[2026-03-17 10:02:33] WORKER 2: Waiting 66.9s
[2026-03-17 10:02:43] SENDER 5: ⏭️ Skipped miasmedicalspa@gmail.com (already sent)
[2026-03-17 10:02:43] WORKER 5: Waiting 84.3s
[2026-03-17 10:02:43] SENDER 1: ⏭️ Skipped rjmedspa07@gmail.com (already sent)
[2026-03-17 10:02:43] WORKER 1: Waiting 80.0s
[2026-03-17 10:02:54] SENDER 3: ⏭️ Skipped clientcare@secretmedspa.com (already sent)
[2026-03-17 10:02:54] WORKER 3: Waiting 64.2s
[2026-03-17 10:02:58] SENDER 4: ⏭️ Skipped mesavitality@gmail.com (already sent)
[2026-03-17 10:02:58] WORKER 4: Waiting 75.3s
[2026-03-17 10:03:46] WORKER 2: ✓ Sent to info@justmelt.com
[2026-03-17 10:03:46] WORKER 2: Waiting 61.2s
[2026-03-17 10:03:59] WORKER 3: DONE
[2026-03-17 10:04:03] WORKER 1: DONE
[2026-03-17 10:04:07] WORKER 5: DONE
[2026-03-17 10:04:13] WORKER 4: DONE
[2026-03-17 10:04:47] WORKER 2: DONE
[2026-03-17 10:04:47] CAMPAIGN END - sent=1, failed=0, skipped=15
