[2026-03-19 06:29:23] CAMPAIGN START - 1 workers, 2 leads
[2026-03-19 06:29:23] Speed mode: fast (8-18s)
[2026-03-19 06:29:23] Leads per worker: 2
[2026-03-19 06:29:23] WORKER 1: Starting - sender1@test.com (2 leads)
[2026-03-19 06:29:24] WORKER 1: send error template_type=str subject_type=str body_plain_type=str sender_email_type=str sender_password_type=str err='list' object has no attribute 'encode'
Traceback (most recent call last):
  File "C:\Python314\Lib\email\message.py", line 396, in set_charset
    cte(self)
    ~~~^^^^^^
TypeError: 'str' object is not callable

During handling of the above exception, another exception occurred:

Traceback (most recent call last):
  File "C:\Users\hassn\.docker\cagent\working_directories\docker-gordon-v5\fc03299d-3491-4df1-92cd-727f7d0d8d5d\default\app.py", line 337, in send_email_with_retry
    msg.set_charset('utf-8')
    ~~~~~~~~~~~~~~~^^^^^^^^^
  File "C:\Python314\Lib\email\message.py", line 404, in set_charset
    payload = payload.encode('ascii', 'surrogateescape')
              ^^^^^^^^^^^^^^
AttributeError: 'list' object has no attribute 'encode'

[2026-03-19 06:29:29] WORKER 1: send error template_type=str subject_type=str body_plain_type=str sender_email_type=str sender_password_type=str err='list' object has no attribute 'encode'
Traceback (most recent call last):
  File "C:\Python314\Lib\email\message.py", line 396, in set_charset
    cte(self)
    ~~~^^^^^^
TypeError: 'str' object is not callable

During handling of the above exception, another exception occurred:

Traceback (most recent call last):
  File "C:\Users\hassn\.docker\cagent\working_directories\docker-gordon-v5\fc03299d-3491-4df1-92cd-727f7d0d8d5d\default\app.py", line 337, in send_email_with_retry
    msg.set_charset('utf-8')
    ~~~~~~~~~~~~~~~^^^^^^^^^
  File "C:\Python314\Lib\email\message.py", line 404, in set_charset
    payload = payload.encode('ascii', 'surrogateescape')
              ^^^^^^^^^^^^^^
AttributeError: 'list' object has no attribute 'encode'

[2026-03-19 06:29:44] WORKER 1: ✗ Failed to alice@test.com - Connection failed: (535, b'5.7.8 Username and Password not accepted. For more information, go to\n5.7.8  https://support.google.com/mail/?p=BadCredentials 5b1f17b1804b1-486f8c53153sm31968895e9.13 - gsmtp')
[2026-03-19 06:29:44] WORKER 1: Waiting 14.9s
[2026-03-19 06:30:10] SENDER 1: Retrying connection in 5s
[2026-03-19 06:30:26] SENDER 1: Retrying connection in 8s
[2026-03-19 06:30:45] WORKER 1: ✗ Failed to bob@test.com - Connection failed: (535, b'5.7.8 Username and Password not accepted. For more information, go to\n5.7.8  https://support.google.com/mail/?p=BadCredentials 5b1f17b1804b1-486f8b2f4b1sm29697855e9.7 - gsmtp')
[2026-03-19 06:30:45] WORKER 1: DONE
[2026-03-19 06:30:45] CAMPAIGN END - sent=0, failed=2, skipped=0
